<?xml version="1.0" encoding="UTF-8"?>
<!-- Generated by org.testng.reporters.JUnitReportReporter -->
<testsuite hostname="EPESMALW03F9" failures="0" tests="6" name="runner.SuitRunner" time="2.465" errors="0" timestamp="2023-01-04T13:58:40 CET" skipped="0">
  <testcase classname="runner.SuitRunner" name="runScenario" time="1.904"/>
  <system-out/>
  <testcase classname="runner.SuitRunner" name="runScenario" time="0.042"/>
  <system-out/>
  <testcase classname="runner.SuitRunner" name="runScenario" time="0.395"/>
  <system-out/>
  <testcase classname="runner.SuitRunner" name="runScenario" time="0.054"/>
  <system-out/>
  <testcase classname="runner.SuitRunner" name="runScenario" time="0.042"/>
  <system-out/>
  <testcase classname="runner.SuitRunner" name="runScenario" time="0.028"/>
  <system-out/>
</testsuite> <!-- runner.SuitRunner -->
